Determining if the pthread_create exist failed with the following output:
Change Dir: /workspace/py3_ws/build/tf2_eigen/CMakeFiles/CMakeTmp

Run Build Command:"/usr/bin/make" "cmTC_009ca/fast"
/usr/bin/make -f CMakeFiles/cmTC_009ca.dir/build.make CMakeFiles/cmTC_009ca.dir/build
make[1]: Entering directory '/workspace/py3_ws/build/tf2_eigen/CMakeFiles/CMakeTmp'
Building C object CMakeFiles/cmTC_009ca.dir/CheckSymbolExists.c.o
/usr/bin/cc    -o CMakeFiles/cmTC_009ca.dir/CheckSymbolExists.c.o   -c /workspace/py3_ws/build/tf2_eigen/CMakeFiles/CMakeTmp/CheckSymbolExists.c
Linking C executable cmTC_009ca
/usr/bin/cmake -E cmake_link_script CMakeFiles/cmTC_009ca.dir/link.txt --verbose=1
/usr/bin/cc      -rdynamic CMakeFiles/cmTC_009ca.dir/CheckSymbolExists.c.o  -o cmTC_009ca 
CMakeFiles/cmTC_009ca.dir/CheckSymbolExists.c.o: In function `main':
CheckSymbolExists.c:(.text+0x1b): undefined reference to `pthread_create'
collect2: error: ld returned 1 exit status
CMakeFiles/cmTC_009ca.dir/build.make:97: recipe for target 'cmTC_009ca' failed
make[1]: *** [cmTC_009ca] Error 1
make[1]: Leaving directory '/workspace/py3_ws/build/tf2_eigen/CMakeFiles/CMakeTmp'
Makefile:126: recipe for target 'cmTC_009ca/fast' failed
make: *** [cmTC_009ca/fast] Error 2

File /workspace/py3_ws/build/tf2_eigen/CMakeFiles/CMakeTmp/CheckSymbolExists.c:
/* */
#include <pthread.h>

int main(int argc, char** argv)
{
  (void)argv;
#ifndef pthread_create
  return ((int*)(&pthread_create))[argc];
#else
  (void)argc;
  return 0;
#endif
}

Determining if the function pthread_create exists in the pthreads failed with the following output:
Change Dir: /workspace/py3_ws/build/tf2_eigen/CMakeFiles/CMakeTmp

Run Build Command:"/usr/bin/make" "cmTC_ad33f/fast"
/usr/bin/make -f CMakeFiles/cmTC_ad33f.dir/build.make CMakeFiles/cmTC_ad33f.dir/build
make[1]: Entering directory '/workspace/py3_ws/build/tf2_eigen/CMakeFiles/CMakeTmp'
Building C object CMakeFiles/cmTC_ad33f.dir/CheckFunctionExists.c.o
/usr/bin/cc   -DCHECK_FUNCTION_EXISTS=pthread_create   -o CMakeFiles/cmTC_ad33f.dir/CheckFunctionExists.c.o   -c /usr/share/cmake-3.10/Modules/CheckFunctionExists.c
Linking C executable cmTC_ad33f
/usr/bin/cmake -E cmake_link_script CMakeFiles/cmTC_ad33f.dir/link.txt --verbose=1
/usr/bin/cc  -DCHECK_FUNCTION_EXISTS=pthread_create    -rdynamic CMakeFiles/cmTC_ad33f.dir/CheckFunctionExists.c.o  -o cmTC_ad33f -lpthreads 
/usr/bin/ld: cannot find -lpthreads
collect2: error: ld returned 1 exit status
CMakeFiles/cmTC_ad33f.dir/build.make:97: recipe for target 'cmTC_ad33f' failed
make[1]: *** [cmTC_ad33f] Error 1
make[1]: Leaving directory '/workspace/py3_ws/build/tf2_eigen/CMakeFiles/CMakeTmp'
Makefile:126: recipe for target 'cmTC_ad33f/fast' failed
make: *** [cmTC_ad33f/fast] Error 2


