Determining if the pthread_create exist failed with the following output:
Change Dir: /workspace/py3_ws/build/tf2_geometry_msgs/CMakeFiles/CMakeTmp

Run Build Command:"/usr/bin/make" "cmTC_aa42b/fast"
/usr/bin/make -f CMakeFiles/cmTC_aa42b.dir/build.make CMakeFiles/cmTC_aa42b.dir/build
make[1]: Entering directory '/workspace/py3_ws/build/tf2_geometry_msgs/CMakeFiles/CMakeTmp'
Building C object CMakeFiles/cmTC_aa42b.dir/CheckSymbolExists.c.o
/usr/bin/cc    -o CMakeFiles/cmTC_aa42b.dir/CheckSymbolExists.c.o   -c /workspace/py3_ws/build/tf2_geometry_msgs/CMakeFiles/CMakeTmp/CheckSymbolExists.c
Linking C executable cmTC_aa42b
/usr/bin/cmake -E cmake_link_script CMakeFiles/cmTC_aa42b.dir/link.txt --verbose=1
/usr/bin/cc      -rdynamic CMakeFiles/cmTC_aa42b.dir/CheckSymbolExists.c.o  -o cmTC_aa42b 
CMakeFiles/cmTC_aa42b.dir/CheckSymbolExists.c.o: In function `main':
CheckSymbolExists.c:(.text+0x1b): undefined reference to `pthread_create'
collect2: error: ld returned 1 exit status
CMakeFiles/cmTC_aa42b.dir/build.make:97: recipe for target 'cmTC_aa42b' failed
make[1]: *** [cmTC_aa42b] Error 1
make[1]: Leaving directory '/workspace/py3_ws/build/tf2_geometry_msgs/CMakeFiles/CMakeTmp'
Makefile:126: recipe for target 'cmTC_aa42b/fast' failed
make: *** [cmTC_aa42b/fast] Error 2

File /workspace/py3_ws/build/tf2_geometry_msgs/CMakeFiles/CMakeTmp/CheckSymbolExists.c:
/* */
#include <pthread.h>

int main(int argc, char** argv)
{
  (void)argv;
#ifndef pthread_create
  return ((int*)(&pthread_create))[argc];
#else
  (void)argc;
  return 0;
#endif
}

Determining if the function pthread_create exists in the pthreads failed with the following output:
Change Dir: /workspace/py3_ws/build/tf2_geometry_msgs/CMakeFiles/CMakeTmp

Run Build Command:"/usr/bin/make" "cmTC_9e327/fast"
/usr/bin/make -f CMakeFiles/cmTC_9e327.dir/build.make CMakeFiles/cmTC_9e327.dir/build
make[1]: Entering directory '/workspace/py3_ws/build/tf2_geometry_msgs/CMakeFiles/CMakeTmp'
Building C object CMakeFiles/cmTC_9e327.dir/CheckFunctionExists.c.o
/usr/bin/cc   -DCHECK_FUNCTION_EXISTS=pthread_create   -o CMakeFiles/cmTC_9e327.dir/CheckFunctionExists.c.o   -c /usr/share/cmake-3.10/Modules/CheckFunctionExists.c
Linking C executable cmTC_9e327
/usr/bin/cmake -E cmake_link_script CMakeFiles/cmTC_9e327.dir/link.txt --verbose=1
/usr/bin/cc  -DCHECK_FUNCTION_EXISTS=pthread_create    -rdynamic CMakeFiles/cmTC_9e327.dir/CheckFunctionExists.c.o  -o cmTC_9e327 -lpthreads 
/usr/bin/ld: cannot find -lpthreads
collect2: error: ld returned 1 exit status
CMakeFiles/cmTC_9e327.dir/build.make:97: recipe for target 'cmTC_9e327' failed
make[1]: *** [cmTC_9e327] Error 1
make[1]: Leaving directory '/workspace/py3_ws/build/tf2_geometry_msgs/CMakeFiles/CMakeTmp'
Makefile:126: recipe for target 'cmTC_9e327/fast' failed
make: *** [cmTC_9e327/fast] Error 2


