Determining if the pthread_create exist failed with the following output:
Change Dir: /workspace/py3_ws/build/detector_msgs/CMakeFiles/CMakeTmp

Run Build Command:"/usr/bin/make" "cmTC_5cc55/fast"
/usr/bin/make -f CMakeFiles/cmTC_5cc55.dir/build.make CMakeFiles/cmTC_5cc55.dir/build
make[1]: Entering directory '/workspace/py3_ws/build/detector_msgs/CMakeFiles/CMakeTmp'
Building C object CMakeFiles/cmTC_5cc55.dir/CheckSymbolExists.c.o
/usr/bin/cc    -o CMakeFiles/cmTC_5cc55.dir/CheckSymbolExists.c.o   -c /workspace/py3_ws/build/detector_msgs/CMakeFiles/CMakeTmp/CheckSymbolExists.c
Linking C executable cmTC_5cc55
/usr/bin/cmake -E cmake_link_script CMakeFiles/cmTC_5cc55.dir/link.txt --verbose=1
/usr/bin/cc      -rdynamic CMakeFiles/cmTC_5cc55.dir/CheckSymbolExists.c.o  -o cmTC_5cc55 
CMakeFiles/cmTC_5cc55.dir/CheckSymbolExists.c.o: In function `main':
CheckSymbolExists.c:(.text+0x1b): undefined reference to `pthread_create'
collect2: error: ld returned 1 exit status
CMakeFiles/cmTC_5cc55.dir/build.make:97: recipe for target 'cmTC_5cc55' failed
make[1]: *** [cmTC_5cc55] Error 1
make[1]: Leaving directory '/workspace/py3_ws/build/detector_msgs/CMakeFiles/CMakeTmp'
Makefile:126: recipe for target 'cmTC_5cc55/fast' failed
make: *** [cmTC_5cc55/fast] Error 2

File /workspace/py3_ws/build/detector_msgs/CMakeFiles/CMakeTmp/CheckSymbolExists.c:
/* */
#include <pthread.h>

int main(int argc, char** argv)
{
  (void)argv;
#ifndef pthread_create
  return ((int*)(&pthread_create))[argc];
#else
  (void)argc;
  return 0;
#endif
}

Determining if the function pthread_create exists in the pthreads failed with the following output:
Change Dir: /workspace/py3_ws/build/detector_msgs/CMakeFiles/CMakeTmp

Run Build Command:"/usr/bin/make" "cmTC_b1059/fast"
/usr/bin/make -f CMakeFiles/cmTC_b1059.dir/build.make CMakeFiles/cmTC_b1059.dir/build
make[1]: Entering directory '/workspace/py3_ws/build/detector_msgs/CMakeFiles/CMakeTmp'
Building C object CMakeFiles/cmTC_b1059.dir/CheckFunctionExists.c.o
/usr/bin/cc   -DCHECK_FUNCTION_EXISTS=pthread_create   -o CMakeFiles/cmTC_b1059.dir/CheckFunctionExists.c.o   -c /usr/share/cmake-3.10/Modules/CheckFunctionExists.c
Linking C executable cmTC_b1059
/usr/bin/cmake -E cmake_link_script CMakeFiles/cmTC_b1059.dir/link.txt --verbose=1
/usr/bin/cc  -DCHECK_FUNCTION_EXISTS=pthread_create    -rdynamic CMakeFiles/cmTC_b1059.dir/CheckFunctionExists.c.o  -o cmTC_b1059 -lpthreads 
/usr/bin/ld: cannot find -lpthreads
collect2: error: ld returned 1 exit status
CMakeFiles/cmTC_b1059.dir/build.make:97: recipe for target 'cmTC_b1059' failed
make[1]: *** [cmTC_b1059] Error 1
make[1]: Leaving directory '/workspace/py3_ws/build/detector_msgs/CMakeFiles/CMakeTmp'
Makefile:126: recipe for target 'cmTC_b1059/fast' failed
make: *** [cmTC_b1059/fast] Error 2


