Determining if the pthread_create exist failed with the following output:
Change Dir: /workspace/py3_ws/build/wrs_detector/CMakeFiles/CMakeTmp

Run Build Command:"/usr/bin/make" "cmTC_64d66/fast"
/usr/bin/make -f CMakeFiles/cmTC_64d66.dir/build.make CMakeFiles/cmTC_64d66.dir/build
make[1]: Entering directory '/workspace/py3_ws/build/wrs_detector/CMakeFiles/CMakeTmp'
Building C object CMakeFiles/cmTC_64d66.dir/CheckSymbolExists.c.o
/usr/bin/cc    -o CMakeFiles/cmTC_64d66.dir/CheckSymbolExists.c.o   -c /workspace/py3_ws/build/wrs_detector/CMakeFiles/CMakeTmp/CheckSymbolExists.c
Linking C executable cmTC_64d66
/usr/bin/cmake -E cmake_link_script CMakeFiles/cmTC_64d66.dir/link.txt --verbose=1
/usr/bin/cc      -rdynamic CMakeFiles/cmTC_64d66.dir/CheckSymbolExists.c.o  -o cmTC_64d66 
CMakeFiles/cmTC_64d66.dir/CheckSymbolExists.c.o: In function `main':
CheckSymbolExists.c:(.text+0x1b): undefined reference to `pthread_create'
collect2: error: ld returned 1 exit status
CMakeFiles/cmTC_64d66.dir/build.make:97: recipe for target 'cmTC_64d66' failed
make[1]: *** [cmTC_64d66] Error 1
make[1]: Leaving directory '/workspace/py3_ws/build/wrs_detector/CMakeFiles/CMakeTmp'
Makefile:126: recipe for target 'cmTC_64d66/fast' failed
make: *** [cmTC_64d66/fast] Error 2

File /workspace/py3_ws/build/wrs_detector/CMakeFiles/CMakeTmp/CheckSymbolExists.c:
/* */
#include <pthread.h>

int main(int argc, char** argv)
{
  (void)argv;
#ifndef pthread_create
  return ((int*)(&pthread_create))[argc];
#else
  (void)argc;
  return 0;
#endif
}

Determining if the function pthread_create exists in the pthreads failed with the following output:
Change Dir: /workspace/py3_ws/build/wrs_detector/CMakeFiles/CMakeTmp

Run Build Command:"/usr/bin/make" "cmTC_71230/fast"
/usr/bin/make -f CMakeFiles/cmTC_71230.dir/build.make CMakeFiles/cmTC_71230.dir/build
make[1]: Entering directory '/workspace/py3_ws/build/wrs_detector/CMakeFiles/CMakeTmp'
Building C object CMakeFiles/cmTC_71230.dir/CheckFunctionExists.c.o
/usr/bin/cc   -DCHECK_FUNCTION_EXISTS=pthread_create   -o CMakeFiles/cmTC_71230.dir/CheckFunctionExists.c.o   -c /usr/share/cmake-3.10/Modules/CheckFunctionExists.c
Linking C executable cmTC_71230
/usr/bin/cmake -E cmake_link_script CMakeFiles/cmTC_71230.dir/link.txt --verbose=1
/usr/bin/cc  -DCHECK_FUNCTION_EXISTS=pthread_create    -rdynamic CMakeFiles/cmTC_71230.dir/CheckFunctionExists.c.o  -o cmTC_71230 -lpthreads 
/usr/bin/ld: cannot find -lpthreads
collect2: error: ld returned 1 exit status
CMakeFiles/cmTC_71230.dir/build.make:97: recipe for target 'cmTC_71230' failed
make[1]: *** [cmTC_71230] Error 1
make[1]: Leaving directory '/workspace/py3_ws/build/wrs_detector/CMakeFiles/CMakeTmp'
Makefile:126: recipe for target 'cmTC_71230/fast' failed
make: *** [cmTC_71230/fast] Error 2


