Determining if the pthread_create exist failed with the following output:
Change Dir: /workspace/py3_ws/build/tf2_sensor_msgs/CMakeFiles/CMakeTmp

Run Build Command:"/usr/bin/make" "cmTC_be9bb/fast"
/usr/bin/make -f CMakeFiles/cmTC_be9bb.dir/build.make CMakeFiles/cmTC_be9bb.dir/build
make[1]: Entering directory '/workspace/py3_ws/build/tf2_sensor_msgs/CMakeFiles/CMakeTmp'
Building C object CMakeFiles/cmTC_be9bb.dir/CheckSymbolExists.c.o
/usr/bin/cc    -o CMakeFiles/cmTC_be9bb.dir/CheckSymbolExists.c.o   -c /workspace/py3_ws/build/tf2_sensor_msgs/CMakeFiles/CMakeTmp/CheckSymbolExists.c
Linking C executable cmTC_be9bb
/usr/bin/cmake -E cmake_link_script CMakeFiles/cmTC_be9bb.dir/link.txt --verbose=1
/usr/bin/cc      -rdynamic CMakeFiles/cmTC_be9bb.dir/CheckSymbolExists.c.o  -o cmTC_be9bb 
CMakeFiles/cmTC_be9bb.dir/CheckSymbolExists.c.o: In function `main':
CheckSymbolExists.c:(.text+0x1b): undefined reference to `pthread_create'
collect2: error: ld returned 1 exit status
CMakeFiles/cmTC_be9bb.dir/build.make:97: recipe for target 'cmTC_be9bb' failed
make[1]: *** [cmTC_be9bb] Error 1
make[1]: Leaving directory '/workspace/py3_ws/build/tf2_sensor_msgs/CMakeFiles/CMakeTmp'
Makefile:126: recipe for target 'cmTC_be9bb/fast' failed
make: *** [cmTC_be9bb/fast] Error 2

File /workspace/py3_ws/build/tf2_sensor_msgs/CMakeFiles/CMakeTmp/CheckSymbolExists.c:
/* */
#include <pthread.h>

int main(int argc, char** argv)
{
  (void)argv;
#ifndef pthread_create
  return ((int*)(&pthread_create))[argc];
#else
  (void)argc;
  return 0;
#endif
}

Determining if the function pthread_create exists in the pthreads failed with the following output:
Change Dir: /workspace/py3_ws/build/tf2_sensor_msgs/CMakeFiles/CMakeTmp

Run Build Command:"/usr/bin/make" "cmTC_f7843/fast"
/usr/bin/make -f CMakeFiles/cmTC_f7843.dir/build.make CMakeFiles/cmTC_f7843.dir/build
make[1]: Entering directory '/workspace/py3_ws/build/tf2_sensor_msgs/CMakeFiles/CMakeTmp'
Building C object CMakeFiles/cmTC_f7843.dir/CheckFunctionExists.c.o
/usr/bin/cc   -DCHECK_FUNCTION_EXISTS=pthread_create   -o CMakeFiles/cmTC_f7843.dir/CheckFunctionExists.c.o   -c /usr/share/cmake-3.10/Modules/CheckFunctionExists.c
Linking C executable cmTC_f7843
/usr/bin/cmake -E cmake_link_script CMakeFiles/cmTC_f7843.dir/link.txt --verbose=1
/usr/bin/cc  -DCHECK_FUNCTION_EXISTS=pthread_create    -rdynamic CMakeFiles/cmTC_f7843.dir/CheckFunctionExists.c.o  -o cmTC_f7843 -lpthreads 
/usr/bin/ld: cannot find -lpthreads
collect2: error: ld returned 1 exit status
CMakeFiles/cmTC_f7843.dir/build.make:97: recipe for target 'cmTC_f7843' failed
make[1]: *** [cmTC_f7843] Error 1
make[1]: Leaving directory '/workspace/py3_ws/build/tf2_sensor_msgs/CMakeFiles/CMakeTmp'
Makefile:126: recipe for target 'cmTC_f7843/fast' failed
make: *** [cmTC_f7843/fast] Error 2


