Determining if the pthread_create exist failed with the following output:
Change Dir: /workspace/py3_ws/build/tf2_py/CMakeFiles/CMakeTmp

Run Build Command:"/usr/bin/make" "cmTC_e5244/fast"
/usr/bin/make -f CMakeFiles/cmTC_e5244.dir/build.make CMakeFiles/cmTC_e5244.dir/build
make[1]: Entering directory '/workspace/py3_ws/build/tf2_py/CMakeFiles/CMakeTmp'
Building C object CMakeFiles/cmTC_e5244.dir/CheckSymbolExists.c.o
/usr/bin/cc    -o CMakeFiles/cmTC_e5244.dir/CheckSymbolExists.c.o   -c /workspace/py3_ws/build/tf2_py/CMakeFiles/CMakeTmp/CheckSymbolExists.c
Linking C executable cmTC_e5244
/usr/bin/cmake -E cmake_link_script CMakeFiles/cmTC_e5244.dir/link.txt --verbose=1
/usr/bin/cc      -rdynamic CMakeFiles/cmTC_e5244.dir/CheckSymbolExists.c.o  -o cmTC_e5244 
CMakeFiles/cmTC_e5244.dir/CheckSymbolExists.c.o: In function `main':
CheckSymbolExists.c:(.text+0x1b): undefined reference to `pthread_create'
collect2: error: ld returned 1 exit status
CMakeFiles/cmTC_e5244.dir/build.make:97: recipe for target 'cmTC_e5244' failed
make[1]: *** [cmTC_e5244] Error 1
make[1]: Leaving directory '/workspace/py3_ws/build/tf2_py/CMakeFiles/CMakeTmp'
Makefile:126: recipe for target 'cmTC_e5244/fast' failed
make: *** [cmTC_e5244/fast] Error 2

File /workspace/py3_ws/build/tf2_py/CMakeFiles/CMakeTmp/CheckSymbolExists.c:
/* */
#include <pthread.h>

int main(int argc, char** argv)
{
  (void)argv;
#ifndef pthread_create
  return ((int*)(&pthread_create))[argc];
#else
  (void)argc;
  return 0;
#endif
}

Determining if the function pthread_create exists in the pthreads failed with the following output:
Change Dir: /workspace/py3_ws/build/tf2_py/CMakeFiles/CMakeTmp

Run Build Command:"/usr/bin/make" "cmTC_7075e/fast"
/usr/bin/make -f CMakeFiles/cmTC_7075e.dir/build.make CMakeFiles/cmTC_7075e.dir/build
make[1]: Entering directory '/workspace/py3_ws/build/tf2_py/CMakeFiles/CMakeTmp'
Building C object CMakeFiles/cmTC_7075e.dir/CheckFunctionExists.c.o
/usr/bin/cc   -DCHECK_FUNCTION_EXISTS=pthread_create   -o CMakeFiles/cmTC_7075e.dir/CheckFunctionExists.c.o   -c /usr/share/cmake-3.10/Modules/CheckFunctionExists.c
Linking C executable cmTC_7075e
/usr/bin/cmake -E cmake_link_script CMakeFiles/cmTC_7075e.dir/link.txt --verbose=1
/usr/bin/cc  -DCHECK_FUNCTION_EXISTS=pthread_create    -rdynamic CMakeFiles/cmTC_7075e.dir/CheckFunctionExists.c.o  -o cmTC_7075e -lpthreads 
/usr/bin/ld: cannot find -lpthreads
collect2: error: ld returned 1 exit status
CMakeFiles/cmTC_7075e.dir/build.make:97: recipe for target 'cmTC_7075e' failed
make[1]: *** [cmTC_7075e] Error 1
make[1]: Leaving directory '/workspace/py3_ws/build/tf2_py/CMakeFiles/CMakeTmp'
Makefile:126: recipe for target 'cmTC_7075e/fast' failed
make: *** [cmTC_7075e/fast] Error 2


