Determining if the pthread_create exist failed with the following output:
Change Dir: /workspace/py2_ws/build/detector_msgs/CMakeFiles/CMakeTmp

Run Build Command:"/usr/bin/make" "cmTC_482ee/fast"
/usr/bin/make -f CMakeFiles/cmTC_482ee.dir/build.make CMakeFiles/cmTC_482ee.dir/build
make[1]: Entering directory '/workspace/py2_ws/build/detector_msgs/CMakeFiles/CMakeTmp'
Building C object CMakeFiles/cmTC_482ee.dir/CheckSymbolExists.c.o
/usr/bin/cc    -o CMakeFiles/cmTC_482ee.dir/CheckSymbolExists.c.o   -c /workspace/py2_ws/build/detector_msgs/CMakeFiles/CMakeTmp/CheckSymbolExists.c
Linking C executable cmTC_482ee
/usr/bin/cmake -E cmake_link_script CMakeFiles/cmTC_482ee.dir/link.txt --verbose=1
/usr/bin/cc      -rdynamic CMakeFiles/cmTC_482ee.dir/CheckSymbolExists.c.o  -o cmTC_482ee 
CMakeFiles/cmTC_482ee.dir/CheckSymbolExists.c.o: In function `main':
CheckSymbolExists.c:(.text+0x1b): undefined reference to `pthread_create'
collect2: error: ld returned 1 exit status
CMakeFiles/cmTC_482ee.dir/build.make:97: recipe for target 'cmTC_482ee' failed
make[1]: *** [cmTC_482ee] Error 1
make[1]: Leaving directory '/workspace/py2_ws/build/detector_msgs/CMakeFiles/CMakeTmp'
Makefile:126: recipe for target 'cmTC_482ee/fast' failed
make: *** [cmTC_482ee/fast] Error 2

File /workspace/py2_ws/build/detector_msgs/CMakeFiles/CMakeTmp/CheckSymbolExists.c:
/* */
#include <pthread.h>

int main(int argc, char** argv)
{
  (void)argv;
#ifndef pthread_create
  return ((int*)(&pthread_create))[argc];
#else
  (void)argc;
  return 0;
#endif
}

Determining if the function pthread_create exists in the pthreads failed with the following output:
Change Dir: /workspace/py2_ws/build/detector_msgs/CMakeFiles/CMakeTmp

Run Build Command:"/usr/bin/make" "cmTC_9430e/fast"
/usr/bin/make -f CMakeFiles/cmTC_9430e.dir/build.make CMakeFiles/cmTC_9430e.dir/build
make[1]: Entering directory '/workspace/py2_ws/build/detector_msgs/CMakeFiles/CMakeTmp'
Building C object CMakeFiles/cmTC_9430e.dir/CheckFunctionExists.c.o
/usr/bin/cc   -DCHECK_FUNCTION_EXISTS=pthread_create   -o CMakeFiles/cmTC_9430e.dir/CheckFunctionExists.c.o   -c /usr/share/cmake-3.10/Modules/CheckFunctionExists.c
Linking C executable cmTC_9430e
/usr/bin/cmake -E cmake_link_script CMakeFiles/cmTC_9430e.dir/link.txt --verbose=1
/usr/bin/cc  -DCHECK_FUNCTION_EXISTS=pthread_create    -rdynamic CMakeFiles/cmTC_9430e.dir/CheckFunctionExists.c.o  -o cmTC_9430e -lpthreads 
/usr/bin/ld: cannot find -lpthreads
collect2: error: ld returned 1 exit status
CMakeFiles/cmTC_9430e.dir/build.make:97: recipe for target 'cmTC_9430e' failed
make[1]: *** [cmTC_9430e] Error 1
make[1]: Leaving directory '/workspace/py2_ws/build/detector_msgs/CMakeFiles/CMakeTmp'
Makefile:126: recipe for target 'cmTC_9430e/fast' failed
make: *** [cmTC_9430e/fast] Error 2


